\BOOKMARK [1][-]{section.1}{\376\377\000T\036\325\000n\000g\000\040\000q\000u\000a\000n\000\040\000v\036\301\000\040\001\021\036\301\000\040\000t\000\340\000i}{}% 1
\BOOKMARK [2][-]{subsection.1.1}{\376\377\000L\000\375\000\040\000d\000o\000\040\000c\000h\036\315\000n\000\040\001\021\036\301\000\040\000t\000\340\000i}{section.1}% 2
\BOOKMARK [2][-]{subsection.1.2}{\376\377\000T\000h\000\341\000c\000h\000\040\000t\000h\036\351\000c\000\040\000h\000i\036\307\000n\000\040\000t\036\241\000i}{section.1}% 3
\BOOKMARK [2][-]{subsection.1.3}{\376\377\000M\036\345\000c\000\040\000t\000i\000\352\000u\000\040\000c\036\347\000a\000\040\001\021\036\301\000\040\000t\000\340\000i}{section.1}% 4
\BOOKMARK [2][-]{subsection.1.4}{\376\377\000P\000h\036\241\000m\000\040\000v\000i\000\040\000c\036\347\000a\000\040\001\021\036\301\000\040\000t\000\340\000i}{section.1}% 5
\BOOKMARK [1][-]{section.2}{\376\377\000K\000h\036\243\000o\000\040\000s\000\341\000t\000\040\000l\000i\000\352\000n\000\040\000q\000u\000a\000n}{}% 6
\BOOKMARK [2][-]{subsection.2.1}{\376\377\000S\000o\000\040\000s\000\341\000n\000h\000\040\000c\000\341\000c\000\040\000h\036\307\000\040\000t\000h\036\321\000n\000g\000\040\000h\000i\036\307\000n\000\040\000t\036\241\000i\000\040\000t\000r\000\352\000n\000\040\000t\000h\036\313\000\040\000t\000r\001\260\036\335\000n\000g}{section.2}% 7
\BOOKMARK [2][-]{subsection.2.2}{\376\377\001\020\000i\036\303\000m\000\040\000m\036\241\000n\000h\000\040\000v\000\340\000\040\001\021\000i\036\303\000m\000\040\000y\036\277\000u\000\040\000c\036\347\000a\000\040\000c\000\341\000c\000\040\000g\000i\036\243\000i\000\040\000p\000h\000\341\000p\000\040\000h\000i\036\307\000n\000\040\000c\000\363\000\040\000t\036\241\000i\000\040\000V\000i\036\307\000t\000\040\000N\000a\000m}{section.2}% 8
\BOOKMARK [2][-]{subsection.2.3}{\376\377\000G\000i\036\243\000i\000\040\000p\000h\000\341\000p\000\040\001\021\036\301\000\040\000x\000u\036\245\000t}{section.2}% 9
\BOOKMARK [1][-]{section.3}{\376\377\000P\000h\000\342\000n\000\040\000t\000\355\000c\000h\000\040\000y\000\352\000u\000\040\000c\036\247\000u}{}% 10
\BOOKMARK [2][-]{subsection.3.1}{\376\377\000Y\000\352\000u\000\040\000c\036\247\000u\000\040\000c\000h\036\351\000c\000\040\000n\001\003\000n\000g}{section.3}% 11
\BOOKMARK [2][-]{subsection.3.2}{\376\377\000Y\000\352\000u\000\040\000c\036\247\000u\000\040\000p\000h\000i\000\040\000c\000h\036\351\000c\000\040\000n\001\003\000n\000g}{section.3}% 12
\BOOKMARK [3][-]{subsubsection.3.2.1}{\376\377\000H\000i\036\307\000u\000\040\000n\001\003\000n\000g}{subsection.3.2}% 13
\BOOKMARK [3][-]{subsubsection.3.2.2}{\376\377\000B\036\243\000o\000\040\000m\036\255\000t}{subsection.3.2}% 14
\BOOKMARK [3][-]{subsubsection.3.2.3}{\376\377\000T\000\355\000n\000h\000\040\000k\000h\036\243\000\040\000d\036\345\000n\000g\000\040\000v\000\340\000\040\001\020\036\331\000\040\000t\000i\000n\000\040\000c\036\255\000y}{subsection.3.2}% 15
\BOOKMARK [3][-]{subsubsection.3.2.4}{\376\377\000K\000h\036\243\000\040\000n\001\003\000n\000g\000\040\000m\036\337\000\040\000r\036\331\000n\000g}{subsection.3.2}% 16
\BOOKMARK [3][-]{subsubsection.3.2.5}{\376\377\000T\000\355\000n\000h\000\040\000d\036\305\000\040\000s\036\355\000\040\000d\036\345\000n\000g}{subsection.3.2}% 17
\BOOKMARK [3][-]{subsubsection.3.2.6}{\376\377\000T\001\260\001\241\000n\000g\000\040\000t\000h\000\355\000c\000h}{subsection.3.2}% 18
\BOOKMARK [3][-]{subsubsection.3.2.7}{\376\377\000K\000h\036\243\000\040\000n\001\003\000n\000g\000\040\000b\036\243\000o\000\040\000t\000r\000\354}{subsection.3.2}% 19
\BOOKMARK [3][-]{subsubsection.3.2.8}{\376\377\000K\000h\036\243\000\040\000n\001\003\000n\000g\000\040\000t\000r\000i\036\303\000n\000\040\000k\000h\000a\000i\000\040\000l\000i\000n\000h\000\040\000h\000o\036\241\000t}{subsection.3.2}% 20
\BOOKMARK [3][-]{subsubsection.3.2.9}{\376\377\000Q\000u\000y\036\301\000n\000\040\000r\000i\000\352\000n\000g\000\040\000t\001\260\000\040\000v\000\340\000\040\000T\000u\000\342\000n\000\040\000t\000h\036\347}{subsection.3.2}% 21
\BOOKMARK [2][-]{subsection.3.3}{\376\377\000C\000\341\000c\000\040\000t\000\341\000c\000\040\000n\000h\000\342\000n\000\040\000h\036\307\000\040\000t\000h\036\321\000n\000g}{section.3}% 22
\BOOKMARK [3][-]{subsubsection.3.3.1}{\376\377\000N\000g\001\260\036\335\000i\000\040\000d\000\371\000n\000g\000\040\000c\000u\036\321\000i\000\040\000\050\000E\000n\000d\000-\000u\000s\000e\000r\000s\000\051}{subsection.3.3}% 23
\BOOKMARK [3][-]{subsubsection.3.3.2}{\376\377\000N\000h\000\340\000\040\000p\000h\000\341\000t\000\040\000t\000r\000i\036\303\000n\000\040\000v\000\340\000\040\001\021\036\331\000i\000\040\000n\000g\001\151\000\040\000k\036\371\000\040\000t\000h\000u\036\255\000t\000\040\000\050\000D\000e\000v\000e\000l\000o\000p\000m\000e\000n\000t\000\040\000\046\000\040\000T\000e\000c\000h\000n\000i\000c\000a\000l\000\040\000T\000e\000a\000m\000\051}{subsection.3.3}% 24
\BOOKMARK [3][-]{subsubsection.3.3.3}{\376\377\001\020\036\321\000i\000\040\000t\000\341\000c\000\040\000c\000\364\000n\000g\000\040\000n\000g\000h\036\307\000\040\000\050\000T\000e\000c\000h\000n\000o\000l\000o\000g\000y\000\040\000P\000a\000r\000t\000n\000e\000r\000s\000\051}{subsection.3.3}% 25
\BOOKMARK [1][-]{section.4}{\376\377\000P\000h\000\342\000n\000\040\000t\000\355\000c\000h\000\040\000v\000\340\000\040\000t\000h\000i\036\277\000t\000\040\000k\036\277\000\040\000h\036\307\000\040\000t\000h\036\321\000n\000g}{}% 26
\BOOKMARK [2][-]{subsection.4.1}{\376\377\000S\001\241\000\040\001\021\036\323\000\040\000u\000s\000e\000c\000a\000s\000e}{section.4}% 27
\BOOKMARK [2][-]{subsection.4.2}{\376\377\000M\000\364\000\040\000t\036\243\000\040\000c\000h\000i\000\040\000t\000i\036\277\000t}{section.4}% 28
\BOOKMARK [3][-]{subsubsection.4.2.1}{\376\377\001\020\001\003\000n\000g\000\040\000n\000h\036\255\000p\000\040\000\050\000L\000o\000g\000i\000n\000\051}{subsection.4.2}% 29
\BOOKMARK [3][-]{subsubsection.4.2.2}{\376\377\001\020\001\003\000n\000g\000\040\000k\000\375\000\040\000\050\000S\000i\000g\000n\000\040\000U\000p\000\051}{subsection.4.2}% 30
\BOOKMARK [3][-]{subsubsection.4.2.3}{\376\377\000L\000\340\000m\000\040\000b\000\340\000i\000\040\000t\036\255\000p\000\040\000\050\000D\000o\000\040\000e\000x\000e\000r\000c\000i\000s\000e\000s\000\051}{subsection.4.2}% 31
\BOOKMARK [3][-]{subsubsection.4.2.4}{\376\377\000T\000h\000a\000m\000\040\000g\000i\000a\000\040\001\021\036\245\000u\000\040\000t\000r\001\260\036\335\000n\000g\000\040\000\050\000J\000o\000i\000n\000\040\000a\000r\000e\000n\000a\000\051}{subsection.4.2}% 32
\BOOKMARK [3][-]{subsubsection.4.2.5}{\376\377\000X\000e\000m\000\040\000l\036\313\000c\000h\000\040\000s\036\355\000\040\000l\000\340\000m\000\040\000b\000\340\000i\000\040\000\050\000V\000i\000e\000w\000\040\000e\000x\000e\000r\000c\000i\000s\000e\000\040\000h\000i\000s\000t\000o\000r\000y\000\051}{subsection.4.2}% 33
\BOOKMARK [3][-]{subsubsection.4.2.6}{\376\377\000C\000h\001\241\000i\000\040\000t\000r\000\362\000\040\000c\000h\001\241\000i\000\040\000\050\000P\000l\000a\000y\000\040\000M\000i\000n\000i\000g\000a\000m\000e\000s\000\051}{subsection.4.2}% 34
\BOOKMARK [3][-]{subsubsection.4.2.7}{\376\377\000X\000e\000m\000\040\000t\000h\036\321\000n\000g\000\040\000k\000\352\000\040\000c\036\347\000a\000\040\000h\036\315\000c\000\040\000s\000i\000n\000h\000\040\000\050\000V\000i\000e\000w\000\040\000S\000t\000u\000d\000e\000n\000t\000\040\000S\000t\000a\000t\000i\000s\000t\000i\000c\000s\000\051}{subsection.4.2}% 35
\BOOKMARK [3][-]{subsubsection.4.2.8}{\376\377\001\020\001\003\000n\000g\000\040\000k\000\375\000\040\000g\000\363\000i\000\040\000P\000r\000e\000m\000i\000u\000m\000\040\000\050\000S\000u\000b\000s\000c\000r\000i\000b\000e\000\040\000P\000r\000e\000m\000i\000u\000m\000\051}{subsection.4.2}% 36
\BOOKMARK [3][-]{subsubsection.4.2.9}{\376\377\000Q\000u\036\243\000n\000\040\000l\000\375\000\040\000c\000h\001\260\001\241\000n\000g\000\040\000t\000r\000\354\000n\000h\000\040\000h\036\315\000c\000\040\000\050\000M\000a\000n\000a\000g\000e\000\040\000C\000u\000r\000r\000i\000c\000u\000l\000u\000m\000\051}{subsection.4.2}% 37
\BOOKMARK [2][-]{subsection.4.3}{\376\377\000M\000\364\000\040\000t\036\243\000\040\000k\000i\036\277\000n\000\040\000t\000r\000\372\000c\000\040\000h\036\307\000\040\000t\000h\036\321\000n\000g}{section.4}% 38
\BOOKMARK [3][-]{subsubsection.4.3.1}{\376\377\000T\036\247\000n\000g\000\040\000T\000r\000\354\000n\000h\000\040\000b\000\340\000y\000\040\000\050\000P\000r\000e\000s\000e\000n\000t\000a\000t\000i\000o\000n\000\040\000L\000a\000y\000e\000r\000\051}{subsection.4.3}% 39
\BOOKMARK [3][-]{subsubsection.4.3.2}{\376\377\000T\036\247\000n\000g\000\040\001\020\000i\036\301\000u\000\040\000k\000h\000i\036\303\000n\000\040\000\050\000C\000o\000n\000t\000r\000o\000l\000l\000e\000r\000\040\000L\000a\000y\000e\000r\000\051}{subsection.4.3}% 40
\BOOKMARK [3][-]{subsubsection.4.3.3}{\376\377\000T\036\247\000n\000g\000\040\036\350\000n\000g\000\040\000d\036\345\000n\000g\000\040\000\050\000A\000p\000p\000l\000i\000c\000a\000t\000i\000o\000n\000\040\000L\000a\000y\000e\000r\000\051}{subsection.4.3}% 41
\BOOKMARK [3][-]{subsubsection.4.3.4}{\376\377\000T\036\247\000n\000g\000\040\000N\000g\000h\000i\036\307\000p\000\040\000v\036\345\000\040\000\050\000B\000u\000s\000i\000n\000e\000s\000s\000\040\000L\000o\000g\000i\000c\000\040\000L\000a\000y\000e\000r\000\051}{subsection.4.3}% 42
\BOOKMARK [3][-]{subsubsection.4.3.5}{\376\377\000T\036\247\000n\000g\000\040\000T\000r\000u\000y\000\040\000c\036\255\000p\000\040\000D\036\357\000\040\000l\000i\036\307\000u\000\040\000\050\000D\000a\000t\000a\000\040\000A\000c\000c\000e\000s\000s\000\040\000L\000a\000y\000e\000r\000\051}{subsection.4.3}% 43
\BOOKMARK [3][-]{subsubsection.4.3.6}{\376\377\000C\000\341\000c\000\040\000D\036\313\000c\000h\000\040\000v\036\345\000\040\000B\000\352\000n\000\040\000n\000g\000o\000\340\000i\000\040\000\050\000E\000x\000t\000e\000r\000n\000a\000l\000\040\000S\000e\000r\000v\000i\000c\000e\000s\000\051}{subsection.4.3}% 44
\BOOKMARK [3][-]{subsubsection.4.3.7}{\376\377\000L\000u\036\323\000n\000g\000\040\000X\036\355\000\040\000l\000\375\000\040\000T\036\325\000n\000g\000\040\000q\000u\000\341\000t}{subsection.4.3}% 45
\BOOKMARK [2][-]{subsection.4.4}{\376\377\000T\000h\000i\036\277\000t\000\040\000k\036\277\000\040\000c\001\241\000\040\000s\036\337\000\040\000d\036\357\000\040\000l\000i\036\307\000u}{section.4}% 46
\BOOKMARK [3][-]{subsubsection.4.4.1}{\376\377\000Q\000u\036\243\000n\000\040\000l\000\375\000\040\000N\000g\001\260\036\335\000i\000\040\000d\000\371\000n\000g\000\040\000v\000\340\000\040\000G\000i\000a\000\040\001\021\000\354\000n\000h\000\040\000\050\000U\000s\000e\000r\000\040\000\046\000\040\000F\000a\000m\000i\000l\000y\000\051}{subsection.4.4}% 47
\BOOKMARK [0][-]{subsubsubsection.4.4.1.1}{\376\377\000U\000s\000e\000r\000\040\000\050\000N\000g\001\260\036\335\000i\000\040\000d\000\371\000n\000g\000\051}{}% 48
\BOOKMARK [0][-]{subsubsubsection.4.4.1.2}{\376\377\000F\000a\000m\000i\000l\000y\000\040\000\050\000G\000i\000a\000\040\001\021\000\354\000n\000h\000\051}{}% 49
\BOOKMARK [1][-]{subsubsection.4.4.2}{\376\377\000C\036\245\000u\000\040\000t\000r\000\372\000c\000\040\000C\000h\001\260\001\241\000n\000g\000\040\000t\000r\000\354\000n\000h\000\040\000H\036\315\000c\000\040\000\050\000A\000c\000a\000d\000e\000m\000i\000c\000\040\000\046\000\040\000S\000t\000r\000u\000c\000t\000u\000r\000e\000\051}{subsubsubsection.4.4.1.2}% 50
\BOOKMARK [0][-]{subsubsubsection.4.4.2.1}{\376\377\000G\000r\000a\000d\000e\000\040\000\050\000K\000h\036\321\000i\000\040\000l\036\333\000p\000\051}{}% 51
\BOOKMARK [0][-]{subsubsubsection.4.4.2.2}{\376\377\000A\000c\000a\000d\000e\000m\000i\000c\000T\000e\000r\000m\000\040\000\050\000H\036\315\000c\000\040\000k\036\363\000\051}{}% 52
\BOOKMARK [0][-]{subsubsubsection.4.4.2.3}{\376\377\000T\000o\000p\000i\000c\000\040\000\050\000C\000h\036\347\000\040\001\021\036\301\000\051}{}% 53
\BOOKMARK [0][-]{subsubsubsection.4.4.2.4}{\376\377\000L\000e\000c\000t\000u\000r\000e\000\040\000\050\000B\000\340\000i\000\040\000g\000i\036\243\000n\000g\000\051}{}% 54
\BOOKMARK [0][-]{subsubsubsection.4.4.2.5}{\376\377\000E\000x\000e\000r\000c\000i\000s\000e\000\040\000\050\000B\000\340\000i\000\040\000t\036\255\000p\000\051}{}% 55
\BOOKMARK [1][-]{subsubsection.4.4.3}{\376\377\000T\000r\000\362\000\040\000c\000h\001\241\000i\000\040\000h\000\363\000a\000\040\000v\000\340\000\040\000T\000\340\000i\000\040\000n\000g\000u\000y\000\352\000n\000\040\000\050\000G\000a\000m\000i\000f\000i\000c\000a\000t\000i\000o\000n\000\040\000\046\000\040\000A\000s\000s\000e\000t\000s\000\051}{subsubsubsection.4.4.2.5}% 56
\BOOKMARK [0][-]{subsubsubsection.4.4.3.1}{\376\377\000W\000o\000r\000l\000d\000\040\000\050\000T\000h\036\277\000\040\000g\000i\036\333\000i\000\051}{}% 57
\BOOKMARK [0][-]{subsubsubsection.4.4.3.2}{\376\377\000L\000a\000n\000d\000\040\000\050\000V\000\371\000n\000g\000\040\001\021\036\245\000t\000\051}{}% 58
\BOOKMARK [0][-]{subsubsubsection.4.4.3.3}{\376\377\000R\000a\000n\000k\000\040\000\050\000X\036\277\000p\000\040\000h\036\241\000n\000g\000\051}{}% 59
\BOOKMARK [1][-]{subsubsection.4.4.4}{\376\377\000T\000i\036\277\000n\000\040\001\021\036\331\000\040\000v\000\340\000\040\000K\036\277\000t\000\040\000q\000u\036\243\000\040\000H\036\315\000c\000\040\000t\036\255\000p\000\040\000\050\000P\000r\000o\000g\000r\000e\000s\000s\000\040\000\046\000\040\000R\000e\000s\000u\000l\000t\000s\000\051}{subsubsubsection.4.4.3.3}% 60
\BOOKMARK [0][-]{subsubsubsection.4.4.4.1}{\376\377\000P\000r\000o\000g\000r\000e\000s\000s\000\040\000\050\000T\000i\036\277\000n\000\040\001\021\036\331\000\051}{}% 61
\BOOKMARK [0][-]{subsubsubsection.4.4.4.2}{\376\377\000L\000e\000c\000t\000u\000r\000e\000R\000e\000s\000u\000l\000t\000\040\000v\000\340\000\040\000E\000x\000e\000r\000c\000i\000s\000e\000R\000e\000s\000u\000l\000t}{}% 62
\BOOKMARK [1][-]{subsubsection.4.4.5}{\376\377\000K\000i\036\303\000m\000\040\000t\000r\000a\000\040\000v\000\340\000\040\000T\000h\000i\000\040\001\021\036\245\000u\000\040\000\050\000A\000s\000s\000e\000s\000s\000m\000e\000n\000t\000\040\000\046\000\040\000C\000o\000m\000p\000e\000t\000i\000t\000i\000o\000n\000\051}{subsubsubsection.4.4.4.2}% 63
\BOOKMARK [0][-]{subsubsubsection.4.4.5.1}{\376\377\000A\000s\000s\000e\000s\000s\000m\000e\000n\000t\000\040\000v\000\340\000\040\000A\000s\000s\000e\000s\000s\000m\000e\000n\000t\000R\000e\000s\000u\000l\000t}{}% 64
\BOOKMARK [0][-]{subsubsubsection.4.4.5.2}{\376\377\000A\000r\000e\000n\000a\000\040\000v\000\340\000\040\000P\000a\000r\000t\000i\000c\000i\000p\000a\000t\000i\000o\000n}{}% 65
\BOOKMARK [1][-]{section.5}{\376\377\000T\000h\000i\036\277\000t\000\040\000k\036\277\000\040\000g\000i\000a\000o\000\040\000d\000i\036\307\000n}{subsubsubsection.4.4.5.2}% 66
\BOOKMARK [2][-]{subsection.5.1}{\376\377\000G\000i\000a\000o\000\040\000d\000i\036\307\000n\000\040\000L\000a\000n\000d\000i\000n\000g\000\040\000P\000a\000g\000e}{section.5}% 67
\BOOKMARK [2][-]{subsection.5.2}{\376\377\000G\000i\000a\000o\000\040\000d\000i\036\307\000n\000\040\001\021\001\003\000n\000g\000\040\000n\000h\036\255\000p\000\040\000v\000\340\000\040\001\021\001\003\000n\000g\000\040\000k\000\375\000\040\000t\000\340\000i\000\040\000k\000h\000o\036\243\000n}{section.5}% 68
\BOOKMARK [3][-]{subsubsection.5.2.1}{\376\377\000G\000i\000a\000o\000\040\000d\000i\036\307\000n\000\040\001\021\001\003\000n\000g\000\040\000n\000h\036\255\000p}{subsection.5.2}% 69
\BOOKMARK [3][-]{subsubsection.5.2.2}{\376\377\000G\000i\000a\000o\000\040\000d\000i\036\307\000n\000\040\001\021\001\003\000n\000g\000\040\000k\000\375\000\040\000t\000\340\000i\000\040\000k\000h\000o\036\243\000n}{subsection.5.2}% 70
\BOOKMARK [2][-]{subsection.5.3}{\376\377\000G\000i\000a\000o\000\040\000d\000i\036\307\000n\000\040\000O\000n\000b\000o\000a\000r\000d\000i\000n\000g}{section.5}% 71
\BOOKMARK [2][-]{subsection.5.4}{\376\377\000G\000i\000a\000o\000\040\000d\000i\036\307\000n\000\040\000L\036\245\000y\000\040\000l\036\241\000i\000\040\000m\036\255\000t\000\040\000k\000h\036\251\000u}{section.5}% 72
\BOOKMARK [2][-]{subsection.5.5}{\376\377\000C\000\341\000c\000\040\000m\000\340\000n\000\040\000h\000\354\000n\000h\000\040\000c\000h\000\355\000n\000h\000\040\000c\036\347\000a\000\040\000t\000\340\000i\000\040\000k\000h\000o\036\243\000n\000\040\000H\036\315\000c\000\040\000s\000i\000n\000h}{section.5}% 73
\BOOKMARK [3][-]{subsubsection.5.5.1}{\376\377\000T\000r\000a\000n\000g\000\040\000c\000h\036\347}{subsection.5.5}% 74
\BOOKMARK [3][-]{subsubsection.5.5.2}{\376\377\000T\000r\000a\000n\000g\000\040\000B\000\340\000i\000\040\000h\036\315\000c}{subsection.5.5}% 75
\BOOKMARK [3][-]{subsubsection.5.5.3}{\376\377\000T\000r\000a\000n\000g\000\040\000C\000h\036\347\000\040\001\021\036\301\000\040\000\050\000T\000r\000a\000n\000g\000\040\000M\000i\000l\000e\000s\000t\000o\000n\000e\000s\000\051}{subsection.5.5}% 76
\BOOKMARK [3][-]{subsubsection.5.5.4}{\376\377\000T\000r\000a\000n\000g\000\040\000B\000\340\000i\000\040\000t\036\255\000p}{subsection.5.5}% 77
\BOOKMARK [3][-]{subsubsection.5.5.5}{\376\377\000T\000r\000a\000n\000g\000\040\001\020\036\245\000u\000\040\000t\000r\001\260\036\335\000n\000g}{subsection.5.5}% 78
\BOOKMARK [3][-]{subsubsection.5.5.6}{\376\377\000T\000r\000a\000n\000g\000\040\000B\000\340\000i\000\040\000t\000h\000i}{subsection.5.5}% 79
\BOOKMARK [3][-]{subsubsection.5.5.7}{\376\377\000T\000r\000a\000n\000g\000\040\000X\036\277\000p\000\040\000h\036\241\000n\000g}{subsection.5.5}% 80
\BOOKMARK [3][-]{subsubsection.5.5.8}{\376\377\000T\000r\000a\000n\000g\000\040\000N\000h\000i\036\307\000m\000\040\000v\036\345}{subsection.5.5}% 81
\BOOKMARK [3][-]{subsubsection.5.5.9}{\376\377\000T\000r\000a\000n\000g\000\040\000M\000i\000n\000i\000g\000a\000m\000e\000s}{subsection.5.5}% 82
\BOOKMARK [3][-]{subsubsection.5.5.10}{\376\377\000T\000r\000a\000n\000g\000\040\000L\036\313\000c\000h\000\040\000s\036\355\000\040\000l\000\340\000m\000\040\000b\000\340\000i}{subsection.5.5}% 83
\BOOKMARK [3][-]{subsubsection.5.5.11}{\376\377\000Q\000u\036\243\000n\000\040\000l\000\375\000\040\000t\000\340\000i\000\040\000k\000h\000o\036\243\000n\000\040\000c\000\341\000\040\000n\000h\000\342\000n}{subsection.5.5}% 84
\BOOKMARK [2][-]{subsection.5.6}{\376\377\000C\000\341\000c\000\040\000m\000\340\000n\000\040\000h\000\354\000n\000h\000\040\000c\000h\000\355\000n\000h\000\040\000c\036\347\000a\000\040\000t\000\340\000i\000\040\000k\000h\000o\036\243\000n\000\040\000P\000h\036\345\000\040\000h\000u\000y\000n\000h}{section.5}% 85
\BOOKMARK [3][-]{subsubsection.5.6.1}{\376\377\000T\000r\000a\000n\000g\000\040\000T\000h\036\321\000n\000g\000\040\000k\000\352\000\040\000t\036\325\000n\000g\000\040\000q\000u\000a\000n}{subsection.5.6}% 86
\BOOKMARK [3][-]{subsubsection.5.6.2}{\376\377\000T\000r\000a\000n\000g\000\040\000L\036\313\000c\000h\000\040\000s\036\355\000\040\000b\000\340\000i\000\040\000l\000\340\000m}{subsection.5.6}% 87
\BOOKMARK [3][-]{subsubsection.5.6.3}{\376\377\000T\000r\000a\000n\000g\000\040\000M\000i\000n\000i\000g\000a\000m\000e\000s}{subsection.5.6}% 88
\BOOKMARK [3][-]{subsubsection.5.6.4}{\376\377\000Q\000u\036\243\000n\000\040\000l\000\375\000\040\000t\000\340\000i\000\040\000k\000h\000o\036\243\000n\000\040\000c\000\341\000\040\000n\000h\000\342\000n}{subsection.5.6}% 89
\BOOKMARK [2][-]{subsection.5.7}{\376\377\000C\000\341\000c\000\040\000m\000\340\000n\000\040\000h\000\354\000n\000h\000\040\000c\000h\000\355\000n\000h\000\040\000c\036\347\000a\000\040\000q\000u\036\243\000n\000\040\000t\000r\036\313\000\040\000v\000i\000\352\000n\000\040\000\050\000A\000d\000m\000i\000n\000\051}{section.5}% 90
\BOOKMARK [3][-]{subsubsection.5.7.1}{\376\377\000Q\000u\036\243\000n\000\040\000l\000\375\000\040\000t\000\340\000i\000\040\000k\000h\000o\036\243\000n}{subsection.5.7}% 91
\BOOKMARK [3][-]{subsubsection.5.7.2}{\376\377\000Q\000u\036\243\000n\000\040\000l\000\375\000\040\000c\000h\001\260\001\241\000n\000g\000\040\000t\000r\000\354\000n\000h\000\040\000h\036\315\000c}{subsection.5.7}% 92
\BOOKMARK [3][-]{subsubsection.5.7.3}{\376\377\000Q\000u\036\243\000n\000\040\000l\000\375\000\040\000n\000h\000i\036\307\000m\000\040\000v\036\345}{subsection.5.7}% 93
\BOOKMARK [3][-]{subsubsection.5.7.4}{\376\377\000Q\000u\036\243\000n\000\040\000l\000\375\000\040\000M\000i\000n\000i\000g\000a\000m\000e\000s}{subsection.5.7}% 94
\BOOKMARK [3][-]{subsubsection.5.7.5}{\376\377\000Q\000u\036\243\000n\000\040\000l\000\375\000\040\000t\000\340\000i\000\040\000c\000h\000\355\000n\000h}{subsection.5.7}% 95
\BOOKMARK [2][-]{subsection.5.8}{\376\377\000M\000\364\000\040\000t\036\243\000\040\000t\000h\000i\036\277\000t\000\040\000k\036\277\000\040\000h\036\307\000\040\000t\000h\036\321\000n\000g\000\040\000b\000\340\000i\000\040\000t\036\255\000p}{section.5}% 96
\BOOKMARK [3][-]{subsubsection.5.8.1}{\376\377\000C\001\241\000\040\000s\036\337\000\040\000t\000h\000i\036\277\000t\000\040\000k\036\277\000\040\000v\000\340\000\040\000c\000h\000u\036\251\000n\000\040\000k\000i\036\277\000n\000\040\000t\000h\036\351\000c}{subsection.5.8}% 97
\BOOKMARK [3][-]{subsubsection.5.8.2}{\376\377\000K\000i\036\277\000n\000\040\000t\000r\000\372\000c\000\040\000m\000\364\000-\001\021\000u\000n\000\040\000v\000\340\000\040\000C\000\364\000n\000g\000\040\000n\000g\000h\036\307\000\040\000p\000h\000\341\000t\000\040\000t\000r\000i\036\303\000n}{subsection.5.8}% 98
\BOOKMARK [3][-]{subsubsection.5.8.3}{\376\377\000G\000i\036\243\000i\000\040\000p\000h\000\341\000p\000\040\000t\001\260\001\241\000n\000g\000\040\000t\000\341\000c\000\040\000v\000\340\000\040\000G\000a\000m\000e\000\040\000h\000\363\000a\000\040\000\050\000G\000a\000m\000i\000f\000i\000c\000a\000t\000i\000o\000n\000\051}{subsection.5.8}% 99
\BOOKMARK [3][-]{subsubsection.5.8.4}{\376\377\000C\000\341\000c\000\040\000d\036\241\000n\000g\000\040\000t\000o\000\341\000n}{subsection.5.8}% 100
\BOOKMARK [1][-]{section.6}{\376\377\000H\000i\036\307\000n\000\040\000t\000h\036\361\000c}{subsubsubsection.4.4.5.2}% 101
\BOOKMARK [2][-]{subsection.6.1}{\376\377\000C\000\364\000n\000g\000\040\000n\000g\000h\036\307\000\040\000s\036\355\000\040\000d\036\345\000n\000g}{section.6}% 102
\BOOKMARK [3][-]{subsubsection.6.1.1}{\376\377\000G\000i\000a\000o\000\040\000d\000i\036\307\000n\000\040\000n\000g\001\260\036\335\000i\000\040\000d\000\371\000n\000g}{subsection.6.1}% 103
\BOOKMARK [3][-]{subsubsection.6.1.2}{\376\377\000H\036\241\000\040\000t\036\247\000n\000g\000\040\000B\000a\000c\000k\000e\000n\000d\000\040\000v\000\340\000\040\000Q\000u\036\243\000n\000\040\000l\000\375\000\040\000d\036\357\000\040\000l\000i\036\307\000u}{subsection.6.1}% 104
\BOOKMARK [3][-]{subsubsection.6.1.3}{\376\377\000D\036\313\000c\000h\000\040\000v\036\345\000\040\000b\000\352\000n\000\040\000n\000g\000o\000\340\000i}{subsection.6.1}% 105
\BOOKMARK [3][-]{subsubsection.6.1.4}{\376\377\000H\036\241\000\040\000t\036\247\000n\000g\000\040\000v\000\340\000\040\000D\000e\000v\000O\000p\000s}{subsection.6.1}% 106
\BOOKMARK [2][-]{subsection.6.2}{\376\377\000C\036\245\000u\000\040\000t\000r\000\372\000c\000\040\000m\000\343\000\040\000n\000g\000u\036\323\000n}{section.6}% 107
\BOOKMARK [3][-]{subsubsection.6.2.1}{\376\377\000T\036\325\000n\000g\000\040\000q\000u\000a\000n\000\040\000c\036\245\000u\000\040\000t\000r\000\372\000c\000\040\000m\000\343\000\040\000n\000g\000u\036\323\000n}{subsection.6.2}% 108
\BOOKMARK [3][-]{subsubsection.6.2.2}{\376\377\000C\036\245\000u\000\040\000t\000r\000\372\000c\000\040\000F\000r\000o\000n\000t\000e\000n\000d}{subsection.6.2}% 109
\BOOKMARK [0][-]{subsubsubsection.6.2.2.1}{\376\377\000T\036\325\000n\000g\000\040\000q\000u\000a\000n\000\040\000F\000r\000o\000n\000t\000e\000n\000d}{}% 110
\BOOKMARK [0][-]{subsubsubsection.6.2.2.2}{\376\377\000T\000h\001\260\000\040\000m\036\345\000c\000\040\000a\000p\000p\000/\000\040\000-\000\040\000R\000o\000u\000t\000e\000s}{}% 111
\BOOKMARK [0][-]{subsubsubsection.6.2.2.3}{\376\377\000T\000h\001\260\000\040\000m\036\345\000c\000\040\000c\000o\000m\000p\000o\000n\000e\000n\000t\000s\000/\000\040\000-\000\040\000U\000I\000\040\000C\000o\000m\000p\000o\000n\000e\000n\000t\000s}{}% 112
\BOOKMARK [0][-]{subsubsubsection.6.2.2.4}{\376\377\000T\000h\001\260\000\040\000m\036\345\000c\000\040\000a\000p\000i\000s\000/\000\040\000-\000\040\000A\000P\000I\000\040\000C\000l\000i\000e\000n\000t\000s}{}% 113
\BOOKMARK [0][-]{subsubsubsection.6.2.2.5}{\376\377\000T\000h\001\260\000\040\000m\036\345\000c\000\040\000s\000t\000o\000r\000e\000s\000/\000\040\000-\000\040\000S\000t\000a\000t\000e\000\040\000M\000a\000n\000a\000g\000e\000m\000e\000n\000t}{}% 114
\BOOKMARK [0][-]{subsubsubsection.6.2.2.6}{\376\377\000T\000h\001\260\000\040\000m\036\345\000c\000\040\000t\000y\000p\000e\000s\000/\000\040\000-\000\040\000T\000y\000p\000e\000S\000c\000r\000i\000p\000t\000\040\000T\000y\000p\000e\000s}{}% 115
\BOOKMARK [0][-]{subsubsubsection.6.2.2.7}{\376\377\000T\000h\001\260\000\040\000m\036\345\000c\000\040\000p\000u\000b\000l\000i\000c\000/\000\040\000-\000\040\000S\000t\000a\000t\000i\000c\000\040\000A\000s\000s\000e\000t\000s}{}% 116
\BOOKMARK [1][-]{subsubsection.6.2.3}{\376\377\000M\000o\000d\000u\000l\000e\000\040\000F\000r\000o\000n\000t\000e\000n\000d}{subsubsubsection.6.2.2.7}% 117
\BOOKMARK [0][-]{subsubsubsection.6.2.3.1}{\376\377\000M\000o\000d\000u\000l\000e\000\040\000X\000\341\000c\000\040\000t\000h\036\361\000c\000\040\000\050\000A\000u\000t\000h\000\051}{}% 118
\BOOKMARK [0][-]{subsubsubsection.6.2.3.2}{\376\377\000M\000o\000d\000u\000l\000e\000\040\000H\036\315\000c\000\040\000s\000i\000n\000h\000\040\000\050\000S\000t\000u\000d\000e\000n\000t\000\040\000D\000a\000s\000h\000b\000o\000a\000r\000d\000\051}{}% 119
\BOOKMARK [0][-]{subsubsubsection.6.2.3.3}{\376\377\000M\000o\000d\000u\000l\000e\000\040\000C\000o\000c\000o\000s\000\040\000G\000a\000m\000e\000\040\000I\000n\000t\000e\000g\000r\000a\000t\000i\000o\000n}{}% 120
\BOOKMARK [0][-]{subsubsubsection.6.2.3.4}{\376\377\000M\000o\000d\000u\000l\000e\000\040\000A\000r\000e\000n\000a\000\040\000\050\001\020\036\245\000u\000\040\000t\000r\001\260\036\335\000n\000g\000\051}{}% 121
\BOOKMARK [0][-]{subsubsubsection.6.2.3.5}{\376\377\000D\000a\000t\000a\000\040\000F\000l\000o\000w\000\040\000F\000r\000o\000n\000t\000e\000n\000d}{}% 122
\BOOKMARK [1][-]{subsubsection.6.2.4}{\376\377\000C\036\245\000u\000\040\000t\000r\000\372\000c\000\040\000B\000a\000c\000k\000e\000n\000d}{subsubsubsection.6.2.3.5}% 123
\BOOKMARK [0][-]{subsubsubsection.6.2.4.1}{\376\377\000T\036\325\000n\000g\000\040\000q\000u\000a\000n\000\040\000B\000a\000c\000k\000e\000n\000d}{}% 124
\BOOKMARK [0][-]{subsubsubsection.6.2.4.2}{\376\377\000T\000h\001\260\000\040\000m\036\345\000c\000\040\000s\000r\000c\000/\000\040\000-\000\040\000S\000o\000u\000r\000c\000e\000\040\000C\000o\000d\000e}{}% 125
\BOOKMARK [0][-]{subsubsubsection.6.2.4.3}{\376\377\000T\000h\001\260\000\040\000m\036\345\000c\000\040\000c\000o\000n\000t\000r\000o\000l\000l\000e\000r\000s\000/}{}% 126
\BOOKMARK [0][-]{subsubsubsection.6.2.4.4}{\376\377\000T\000h\001\260\000\040\000m\036\345\000c\000\040\000m\000o\000d\000e\000l\000/\000\040\000-\000\040\000D\000a\000t\000a\000b\000a\000s\000e\000\040\000S\000c\000h\000e\000m\000a\000s}{}% 127
\BOOKMARK [0][-]{subsubsubsection.6.2.4.5}{\376\377\000T\000h\001\260\000\040\000m\036\345\000c\000\040\000r\000o\000u\000t\000e\000s\000/\000\040\000-\000\040\000A\000P\000I\000\040\000E\000n\000d\000p\000o\000i\000n\000t\000s}{}% 128
\BOOKMARK [0][-]{subsubsubsection.6.2.4.6}{\376\377\000T\000h\001\260\000\040\000m\036\345\000c\000\040\000m\000i\000d\000d\000l\000e\000w\000a\000r\000e\000/}{}% 129
\BOOKMARK [0][-]{subsubsubsection.6.2.4.7}{\376\377\000T\000h\001\260\000\040\000m\036\345\000c\000\040\000u\000t\000i\000l\000s\000/}{}% 130
\BOOKMARK [1][-]{subsubsection.6.2.5}{\376\377\000M\000o\000d\000u\000l\000e\000\040\000B\000a\000c\000k\000e\000n\000d}{subsubsubsection.6.2.4.7}% 131
\BOOKMARK [0][-]{subsubsubsection.6.2.5.1}{\376\377\000M\000o\000d\000u\000l\000e\000\040\000A\000u\000t\000h\000e\000n\000t\000i\000c\000a\000t\000i\000o\000n}{}% 132
\BOOKMARK [0][-]{subsubsubsection.6.2.5.2}{\376\377\000M\000o\000d\000u\000l\000e\000\040\000U\000s\000e\000r\000\040\000M\000a\000n\000a\000g\000e\000m\000e\000n\000t}{}% 133
\BOOKMARK [0][-]{subsubsubsection.6.2.5.3}{\376\377\000M\000o\000d\000u\000l\000e\000\040\000L\000e\000s\000s\000o\000n\000\040\000\046\000\040\000L\000e\000c\000t\000u\000r\000e}{}% 134
\BOOKMARK [0][-]{subsubsubsection.6.2.5.4}{\376\377\000M\000o\000d\000u\000l\000e\000\040\000E\000x\000e\000r\000c\000i\000s\000e}{}% 135
\BOOKMARK [0][-]{subsubsubsection.6.2.5.5}{\376\377\000M\000o\000d\000u\000l\000e\000\040\000A\000r\000e\000n\000a}{}% 136
\BOOKMARK [0][-]{subsubsubsection.6.2.5.6}{\376\377\000M\000o\000d\000u\000l\000e\000\040\000R\000a\000n\000k}{}% 137
\BOOKMARK [1][-]{subsubsection.6.2.6}{\376\377\000D\000a\000t\000a\000\040\000F\000l\000o\000w\000\040\000H\036\307\000\040\000t\000h\036\321\000n\000g}{subsubsubsection.6.2.5.6}% 138
\BOOKMARK [0][-]{subsubsubsection.6.2.6.1}{\376\377\000L\000u\036\323\000n\000g\000\040\001\020\001\003\000n\000g\000\040\000n\000h\036\255\000p}{}% 139
\BOOKMARK [0][-]{subsubsubsection.6.2.6.2}{\376\377\000L\000u\036\323\000n\000g\000\040\000L\000\340\000m\000\040\000b\000\340\000i\000\040\000t\036\255\000p}{}% 140
\BOOKMARK [0][-]{subsubsubsection.6.2.6.3}{\376\377\000L\000u\036\323\000n\000g\000\040\000A\000r\000e\000n\000a\000\040\000\050\000T\000h\000i\000\040\001\021\036\245\000u\000\051}{}% 141
\BOOKMARK [1][-]{subsubsection.6.2.7}{\376\377\000K\036\277\000t\000\040\000l\000u\036\255\000n}{subsubsubsection.6.2.6.3}% 142
\BOOKMARK [1][-]{section.7}{\376\377\000T\036\325\000n\000g\000\040\000k\036\277\000t}{subsubsubsection.6.2.6.3}% 143
\BOOKMARK [2][-]{subsection.7.1}{\376\377\000K\036\277\000t\000\040\000q\000u\036\243\000\040\000g\000i\000a\000i\000\040\001\021\000o\036\241\000n\000\040\0001}{section.7}% 144
\BOOKMARK [2][-]{subsection.7.2}{\376\377\000K\036\277\000\040\000h\000o\036\241\000c\000h\000\040\000v\000\340\000\040\000p\000h\000\342\000n\000\040\000c\000\364\000n\000g\000\040\000c\000\364\000n\000g\000\040\000v\000i\036\307\000c\000\040\000g\000i\000a\000i\000\040\001\021\000o\036\241\000n\000\040\0001}{section.7}% 145
\BOOKMARK [2][-]{subsection.7.3}{\376\377\000K\036\277\000\040\000h\000o\036\241\000c\000h\000\040\000c\000h\000o\000\040\000g\000i\000a\000i\000\040\001\021\000o\036\241\000n\000\040\0002}{section.7}% 146
\BOOKMARK [1][-]{section*.103}{\376\377\000T\000\340\000i\000\040\000l\000i\036\307\000u\000\040\000t\000h\000a\000m\000\040\000k\000h\036\243\000o}{subsubsubsection.6.2.6.3}% 147
